
{"message":"Database connected","level":"info","timestamp":"2021-06-21T10:45:19.511Z"}
{"message":"Server listing at http://localhost:7000","level":"info","timestamp":"2021-06-21T10:46:33.568Z"}
{"message":"Database connected","level":"info","timestamp":"2021-06-21T10:46:35.821Z"}
{"message":"Server listing at http://localhost:7000","level":"info","timestamp":"2021-06-21T10:48:16.372Z"}
{"message":"Database connected","level":"info","timestamp":"2021-06-21T10:48:18.561Z"}
{"message":"Server listing at http://localhost:7000","level":"info","timestamp":"2021-06-21T11:23:21.331Z"}
{"message":"Database connected","level":"info","timestamp":"2021-06-21T11:23:23.526Z"}
{"message":"Server listing at http://localhost:7000","level":"info","timestamp":"2021-06-21T11:30:16.091Z"}
{"message":"Database connected","level":"info","timestamp":"2021-06-21T11:30:18.341Z"}
{"message":"Server listing at http://localhost:7000","level":"info","timestamp":"2021-06-21T11:32:04.774Z"}
{"message":"Database connected","level":"info","timestamp":"2021-06-21T11:32:06.970Z"}
{"message":"Server listing at http://localhost:7000","level":"info","timestamp":"2021-06-21T11:34:41.184Z"}
{"message":"Database connected","level":"info","timestamp":"2021-06-21T11:34:43.395Z"}
{"message":"Server listing at http://localhost:7000","level":"info","timestamp":"2021-06-21T11:35:47.365Z"}
{"message":"Database connected","level":"info","timestamp":"2021-06-21T11:35:49.541Z"}
{"message":"Server listing at http://localhost:7000","level":"info","timestamp":"2021-06-21T11:38:58.980Z"}
{"message":"Database connected","level":"info","timestamp":"2021-06-21T11:39:01.162Z"}
{"message":"Server listing at http://localhost:7000","level":"info","timestamp":"2021-06-21T11:41:01.692Z"}
{"message":"Database connected","level":"info","timestamp":"2021-06-21T11:41:03.916Z"}
{"message":"Server listing at http://localhost:7000","level":"info","timestamp":"2021-06-21T11:54:51.347Z"}
{"message":"Database connected","level":"info","timestamp":"2021-06-21T11:54:53.561Z"}
{"message":"Server listing at http://localhost:7000","level":"info","timestamp":"2021-06-21T11:59:35.905Z"}
{"message":"Database connected","level":"info","timestamp":"2021-06-21T11:59:38.251Z"}
{"message":"Server listing at http://localhost:7000","level":"info","timestamp":"2021-06-21T12:02:32.877Z"}
{"message":"Database connected","level":"info","timestamp":"2021-06-21T12:02:35.091Z"}
{"message":"Server listing at http://localhost:7000","level":"info","timestamp":"2021-06-21T12:08:48.956Z"}
{"message":"Database connected","level":"info","timestamp":"2021-06-21T12:08:51.199Z"}
{"message":"Server listing at http://localhost:7000","level":"info","timestamp":"2021-06-21T12:21:25.294Z"}
{"message":"Server listing at http://localhost:7000","level":"info","timestamp":"2021-06-21T12:21:59.804Z"}
{"message":"db error Could not connect to any servers in your MongoDB Atlas cluster. One common reason is that you're trying to access the database from an IP that isn't whitelisted. Make sure your current IP address is on your Atlas cluster's IP whitelist: https://docs.atlas.mongodb.com/security-whitelist/","reason":{"type":"ReplicaSetNoPrimary","setName":null,"maxSetVersion":null,"maxElectionId":null,"servers":{},"stale":false,"compatible":true,"compatibilityError":null,"logicalSessionTimeoutMinutes":null,"heartbeatFrequencyMS":10000,"localThresholdMS":15,"commonWireVersion":null},"level":"error","stack":"MongooseServerSelectionError: Could not connect to any servers in your MongoDB Atlas cluster. One common reason is that you're trying to access the database from an IP that isn't whitelisted. Make sure your current IP address is on your Atlas cluster's IP whitelist: https://docs.atlas.mongodb.com/security-whitelist/\n    at NativeConnection.Connection.openUri (C:\\Users\\LENOVO\\Desktop\\typesript_npm\\node_modules\\mongoose\\lib\\connection.js:846:32)\n    at C:\\Users\\LENOVO\\Desktop\\typesript_npm\\node_modules\\mongoose\\lib\\index.js:351:10\n    at C:\\Users\\LENOVO\\Desktop\\typesript_npm\\node_modules\\mongoose\\lib\\helpers\\promiseOrCallback.js:31:5\n    at new Promise (<anonymous>)\n    at promiseOrCallback (C:\\Users\\LENOVO\\Desktop\\typesript_npm\\node_modules\\mongoose\\lib\\helpers\\promiseOrCallback.js:30:10)\n    at Mongoose._promiseOrCallback (C:\\Users\\LENOVO\\Desktop\\typesript_npm\\node_modules\\mongoose\\lib\\index.js:1149:10)\n    at Mongoose.connect (C:\\Users\\LENOVO\\Desktop\\typesript_npm\\node_modules\\mongoose\\lib\\index.js:350:20)\n    at Object.connect (C:\\Users\\LENOVO\\Desktop\\typesript_npm\\src\\database\\connection.ts:8:12)\n    at Server.<anonymous> (C:\\Users\\LENOVO\\Desktop\\typesript_npm\\src\\app.ts:21:10)\n    at Object.onceWrapper (events.js:421:28)\n    at Server.emit (events.js:315:20)\n    at Server.EventEmitter.emit (domain.js:467:12)\n    at emitListeningNT (net.js:1352:10)\n    at processTicksAndRejections (internal/process/task_queues.js:79:21)","timestamp":"2021-06-21T12:22:29.896Z"}
{"message":"Server listing at http://localhost:7000","level":"info","timestamp":"2021-06-21T12:24:10.487Z"}
{"message":"Database connected","level":"info","timestamp":"2021-06-21T12:24:13.464Z"}
{"message":"Server listing at http://localhost:7000","level":"info","timestamp":"2021-06-21T12:27:05.103Z"}
{"message":"Database connected","level":"info","timestamp":"2021-06-21T12:27:07.306Z"}
{"message":"Server listing at http://localhost:7000","level":"info","timestamp":"2021-06-21T12:32:33.655Z"}
{"message":"Database connected","level":"info","timestamp":"2021-06-21T12:32:35.869Z"}
{"message":"error ....in create user","level":"error","timestamp":"2021-06-21T12:33:00.885Z"}
{"message":"Server listing at http://localhost:7000","level":"info","timestamp":"2021-06-21T12:33:39.455Z"}
{"message":"Database connected","level":"info","timestamp":"2021-06-21T12:33:41.954Z"}
{"message":"Server listing at http://localhost:7000","level":"info","timestamp":"2021-06-21T12:34:09.803Z"}
{"message":"Database connected","level":"info","timestamp":"2021-06-21T12:34:12.338Z"}
{"message":"Server listing at http://localhost:7000","level":"info","timestamp":"2021-06-21T12:37:23.167Z"}
{"message":"Database connected","level":"info","timestamp":"2021-06-21T12:37:25.424Z"}
{"message":"Server listing at http://localhost:7000","level":"info","timestamp":"2021-06-21T12:38:38.221Z"}
{"message":"Database connected","level":"info","timestamp":"2021-06-21T12:38:40.412Z"}
{"message":"Server listing at http://localhost:7000","level":"info","timestamp":"2021-06-21T12:45:16.082Z"}
{"message":"Database connected","level":"info","timestamp":"2021-06-21T12:45:18.879Z"}
{"message":"Server listing at http://localhost:7000","level":"info","timestamp":"2021-06-22T04:06:49.728Z"}
{"message":"Database connected","level":"info","timestamp":"2021-06-22T04:06:52.166Z"}
{"message":"Server listing at http://localhost:7000","level":"info","timestamp":"2021-06-22T04:07:39.949Z"}
{"message":"Database connected","level":"info","timestamp":"2021-06-22T04:07:42.164Z"}
{"message":"Server listing at http://localhost:7000","level":"info","timestamp":"2021-06-22T04:08:31.554Z"}
{"message":"Database connected","level":"info","timestamp":"2021-06-22T04:08:35.569Z"}
{"message":"Server listing at http://localhost:7000","level":"info","timestamp":"2021-06-22T04:14:24.417Z"}
{"message":"Database connected","level":"info","timestamp":"2021-06-22T04:14:26.695Z"}
{"level":"info","message":"Auth","timestamp":"2021-06-22T04:14:30.161Z"}
{"message":"eyJhbGciOiJIUzI1NiIsInR5cCI6IkpXVCJ9.eyJpZCI6IjYwZDA4NzRjNDg0Y2YwMTk3ODk4MjU3NCIsImVtYWlsIjoiZ291cmF2OUBnbWFpbC5jb20iLCJpYXQiOjE2MjQzMzUyNzAsImV4cCI6MTYyNDMzODI3MCwiaXNzIjoiY29vbElzc3VlciJ9.TFxXcqfxPfAl42TQl-s34wEi3F3fSqUg7PYruMoldEc","level":"info","timestamp":"2021-06-22T04:14:30.166Z"}
{"message":"Server listing at http://localhost:7000","level":"info","timestamp":"2021-06-22T04:15:14.280Z"}
{"message":"Database connected","level":"info","timestamp":"2021-06-22T04:15:16.566Z"}
{"message":"Server listing at http://localhost:7000","level":"info","timestamp":"2021-06-22T04:18:27.507Z"}
{"code":"ETIMEOUT","syscall":"querySrv","hostname":"_mongodb._tcp.cluster0.4yiea.mongodb.net","level":"error","message":"db error querySrv ETIMEOUT _mongodb._tcp.cluster0.4yiea.mongodb.net","stack":"Error: querySrv ETIMEOUT _mongodb._tcp.cluster0.4yiea.mongodb.net\n    at QueryReqWrap.onresolve [as oncomplete] (dns.js:203:19)","timestamp":"2021-06-22T04:18:32.574Z"}
{"message":"Server listing at http://localhost:7000","level":"info","timestamp":"2021-06-22T04:19:35.394Z"}
{"message":"Database connected","level":"info","timestamp":"2021-06-22T04:19:37.549Z"}
{"errors":{"password":{"name":"ValidatorError","message":"Path `password` is required.","properties":{"message":"Path `password` is required.","type":"required","path":"password"},"kind":"required","path":"password"},"phonenumber":{"name":"ValidatorError","message":"Path `phonenumber` is required.","properties":{"message":"Path `phonenumber` is required.","type":"required","path":"phonenumber"},"kind":"required","path":"phonenumber"},"email":{"name":"ValidatorError","message":"Path `email` is required.","properties":{"message":"Path `email` is required.","type":"required","path":"email"},"kind":"required","path":"email"},"address":{"name":"ValidatorError","message":"Path `address` is required.","properties":{"message":"Path `address` is required.","type":"required","path":"address"},"kind":"required","path":"address"},"name":{"name":"ValidatorError","message":"Path `name` is required.","properties":{"message":"Path `name` is required.","type":"required","path":"name"},"kind":"required","path":"name"}},"_message":"User validation failed","level":"error","timestamp":"2021-06-22T07:21:00.542Z"}
{"message":"Server listing at http://localhost:7000","level":"info","timestamp":"2021-06-22T07:22:55.585Z"}
{"message":"Database connected","level":"info","timestamp":"2021-06-22T07:22:57.809Z"}
{"message":"Server listing at http://localhost:7000","level":"info","timestamp":"2021-06-22T07:24:13.758Z"}
{"message":"Database connected","level":"info","timestamp":"2021-06-22T07:24:15.946Z"}
{"message":"Server listing at http://localhost:7000","level":"info","timestamp":"2021-06-22T07:26:24.679Z"}
{"message":"Database connected","level":"info","timestamp":"2021-06-22T07:26:26.921Z"}
{"message":"Server listing at http://localhost:7000","level":"info","timestamp":"2021-06-22T07:30:08.517Z"}
{"message":"Database connected","level":"info","timestamp":"2021-06-22T07:30:10.778Z"}
{"message":"Server listing at http://localhost:7000","level":"info","timestamp":"2021-06-22T07:35:02.866Z"}
{"message":"Database connected","level":"info","timestamp":"2021-06-22T07:35:05.004Z"}
{"message":"Server listing at http://localhost:7000","level":"info","timestamp":"2021-06-22T07:35:41.586Z"}
{"message":"Database connected","level":"info","timestamp":"2021-06-22T07:35:43.849Z"}
{"message":"Server listing at http://localhost:7000","level":"info","timestamp":"2021-06-22T07:39:04.345Z"}
{"message":"Database connected","level":"info","timestamp":"2021-06-22T07:39:06.533Z"}
{"message":"Server listing at http://localhost:7000","level":"info","timestamp":"2021-06-22T07:46:12.908Z"}
{"message":"Database connected","level":"info","timestamp":"2021-06-22T07:46:15.174Z"}
{"level":"info","message":"Auth","timestamp":"2021-06-22T07:46:31.158Z"}
{"message":"eyJhbGciOiJIUzI1NiIsInR5cCI6IkpXVCJ9.eyJpZCI6IjYwZDA4NzRjNDg0Y2YwMTk3ODk4MjU3NCIsImVtYWlsIjoiZ291cmF2OUBnbWFpbC5jb20iLCJpYXQiOjE2MjQzNDc5OTEsImV4cCI6MTYyNDM1MDk5MSwiaXNzIjoiY29vbElzc3VlciJ9.b4Cf6GQtBiZocEojTxI0ZTcw3EWhf7FvkFG6V5Tt8v8","level":"info","timestamp":"2021-06-22T07:46:31.161Z"}
{"level":"info","message":"Auth","timestamp":"2021-06-22T08:02:28.318Z"}
{"message":"eyJhbGciOiJIUzI1NiIsInR5cCI6IkpXVCJ9.eyJpZCI6IjYwZDA4NzRjNDg0Y2YwMTk3ODk4MjU3NCIsImVtYWlsIjoiZ291cmF2OUBnbWFpbC5jb20iLCJpYXQiOjE2MjQzNDg5NDgsImV4cCI6MTYyNDM1MTk0OCwiaXNzIjoiY29vbElzc3VlciJ9.T2oDvRFfPViAcEBMzShbqU6Xa-Ou2gNO2LA-nhUURfM","level":"info","timestamp":"2021-06-22T08:02:28.320Z"}
{"level":"info","message":"Auth","timestamp":"2021-06-22T08:02:42.203Z"}
{"level":"info","message":"Auth","timestamp":"2021-06-22T08:03:01.102Z"}
{"level":"info","message":"Auth","timestamp":"2021-06-22T08:03:28.585Z"}
{"level":"info","message":"User","timestamp":"2021-06-22T08:03:28.588Z"}
{"level":"info","message":"Auth","timestamp":"2021-06-22T08:03:59.141Z"}
{"level":"info","message":"User","timestamp":"2021-06-22T08:03:59.141Z"}
{"message":"Server listing at http://localhost:7000","level":"info","timestamp":"2021-06-22T08:05:19.686Z"}
{"level":"info","message":"Auth","timestamp":"2021-06-22T08:05:19.814Z"}
{"message":"Database connected","level":"info","timestamp":"2021-06-22T08:05:21.875Z"}
{"level":"info","message":"Auth","timestamp":"2021-06-22T08:05:51.393Z"}
{"message":"Server listing at http://localhost:7000","level":"info","timestamp":"2021-06-22T08:07:55.043Z"}
{"message":"Database connected","level":"info","timestamp":"2021-06-22T08:07:57.234Z"}
{"message":"Server listing at http://localhost:7000","level":"info","timestamp":"2021-06-22T08:15:52.062Z"}
{"message":"Database connected","level":"info","timestamp":"2021-06-22T08:15:54.324Z"}
{"message":"Server listing at http://localhost:7000","level":"info","timestamp":"2021-06-22T08:20:07.760Z"}
{"message":"Database connected","level":"info","timestamp":"2021-06-22T08:20:10.036Z"}
{"message":"Server listing at http://localhost:7000","level":"info","timestamp":"2021-06-22T08:20:36.985Z"}
{"message":"Database connected","level":"info","timestamp":"2021-06-22T08:20:39.185Z"}
{"message":"Server listing at http://localhost:7000","level":"info","timestamp":"2021-06-22T08:21:13.218Z"}
{"message":"Database connected","level":"info","timestamp":"2021-06-22T08:21:15.449Z"}
{"message":"Server listing at http://localhost:7000","level":"info","timestamp":"2021-06-22T08:22:31.344Z"}
{"message":"Database connected","level":"info","timestamp":"2021-06-22T08:22:33.546Z"}
{"message":"Server listing at http://localhost:7000","level":"info","timestamp":"2021-06-22T08:23:10.245Z"}
{"message":"Database connected","level":"info","timestamp":"2021-06-22T08:23:12.459Z"}
{"message":"Server listing at http://localhost:7000","level":"info","timestamp":"2021-06-22T08:23:59.330Z"}
{"message":"Database connected","level":"info","timestamp":"2021-06-22T08:24:01.602Z"}
{"message":"Server listing at http://localhost:7000","level":"info","timestamp":"2021-06-22T08:24:44.685Z"}
{"message":"Database connected","level":"info","timestamp":"2021-06-22T08:24:46.850Z"}
{"message":"Server listing at http://localhost:7000","level":"info","timestamp":"2021-06-22T08:29:13.442Z"}
{"message":"Database connected","level":"info","timestamp":"2021-06-22T08:29:15.661Z"}
{"message":"Server listing at http://localhost:7000","level":"info","timestamp":"2021-06-22T08:32:08.187Z"}
{"message":"Database connected","level":"info","timestamp":"2021-06-22T08:32:10.391Z"}
{"message":"Server listing at http://localhost:7000","level":"info","timestamp":"2021-06-22T08:32:44.217Z"}
{"message":"Server listing at http://localhost:7000","level":"info","timestamp":"2021-06-22T08:32:51.352Z"}
{"message":"Database connected","level":"info","timestamp":"2021-06-22T08:32:53.553Z"}
{"message":"Server listing at http://localhost:7000","level":"info","timestamp":"2021-06-22T08:39:06.134Z"}
{"message":"Database connected","level":"info","timestamp":"2021-06-22T08:39:08.390Z"}
{"message":"Server listing at http://localhost:7000","level":"info","timestamp":"2021-06-22T08:41:24.892Z"}
{"message":"Database connected","level":"info","timestamp":"2021-06-22T08:41:27.103Z"}
{"message":"error in image controller","level":"error","timestamp":"2021-06-22T08:41:28.089Z"}
{"message":"Server listing at http://localhost:7000","level":"info","timestamp":"2021-06-22T08:41:52.973Z"}
{"message":"Database connected","level":"info","timestamp":"2021-06-22T08:41:55.188Z"}
{"message":"error in image controller","level":"error","timestamp":"2021-06-22T08:41:56.158Z"}
{"message":"Server listing at http://localhost:7000","level":"info","timestamp":"2021-06-22T08:44:44.898Z"}
{"message":"Database connected","level":"info","timestamp":"2021-06-22T08:44:47.101Z"}
{"message":"Server listing at http://localhost:7000","level":"info","timestamp":"2021-06-22T09:23:06.108Z"}
{"message":"Database connected","level":"info","timestamp":"2021-06-22T09:23:08.345Z"}
{"message":"Server listing at http://localhost:7000","level":"info","timestamp":"2021-06-22T09:23:58.929Z"}
{"message":"Database connected","level":"info","timestamp":"2021-06-22T09:24:01.105Z"}
{"message":"Server listing at http://localhost:7000","level":"info","timestamp":"2021-06-22T09:26:26.510Z"}
{"message":"Database connected","level":"info","timestamp":"2021-06-22T09:26:28.730Z"}
{"message":"Server listing at http://localhost:7000","level":"info","timestamp":"2021-06-22T09:32:19.465Z"}
{"message":"Database connected","level":"info","timestamp":"2021-06-22T09:32:21.672Z"}
{"message":"Server listing at http://localhost:7000","level":"info","timestamp":"2021-06-22T09:36:41.043Z"}
{"message":"Database connected","level":"info","timestamp":"2021-06-22T09:36:43.295Z"}
{"message":"Server listing at http://localhost:7000","level":"info","timestamp":"2021-06-22T09:37:31.262Z"}
{"message":"Database connected","level":"info","timestamp":"2021-06-22T09:37:33.497Z"}
{"message":"error ....in create user","level":"error","timestamp":"2021-06-22T09:37:39.168Z"}
{"message":"error ....in create user","level":"error","timestamp":"2021-06-22T09:38:23.768Z"}
{"message":"error ....in create user","level":"error","timestamp":"2021-06-22T09:38:32.228Z"}
{"message":"Server listing at http://localhost:7000","level":"info","timestamp":"2021-06-22T09:40:37.616Z"}
{"message":"Database connected","level":"info","timestamp":"2021-06-22T09:40:39.898Z"}
{"level":"info","message":"Auth","timestamp":"2021-06-22T09:41:10.192Z"}
{"level":"info","message":"Auth","timestamp":"2021-06-22T09:41:47.707Z"}
{"message":"eyJhbGciOiJIUzI1NiIsInR5cCI6IkpXVCJ9.eyJpZCI6IjYwZDFhZmFkZmMxYTQyNDhiYzQ2ZWUzOSIsImVtYWlsIjoiZ291cmF2M0BnbWFpbC5jb20iLCJpYXQiOjE2MjQzNTQ5MDcsImV4cCI6MTYyNDM1NzkwNywiaXNzIjoiY29vbElzc3VlciJ9.-XQ6H-gfw0s3SAb8ij2qt5yxc33AtiQ_pCtzU9AyUgw","level":"info","timestamp":"2021-06-22T09:41:47.712Z"}
{"level":"info","message":"Auth","timestamp":"2021-06-22T09:42:29.928Z"}
{"message":"Server listing at http://localhost:7000","level":"info","timestamp":"2021-06-22T11:25:00.633Z"}
{"message":"Database connected","level":"info","timestamp":"2021-06-22T11:25:03.007Z"}
{"message":"Server listing at http://localhost:7000","level":"info","timestamp":"2021-06-22T11:29:13.464Z"}
{"message":"Database connected","level":"info","timestamp":"2021-06-22T11:29:15.611Z"}
{"message":"Server listing at http://localhost:7000","level":"info","timestamp":"2021-06-22T18:37:00.801Z"}
{"message":"Database connected","level":"info","timestamp":"2021-06-22T18:37:03.243Z"}
{"message":"Server listing at http://localhost:7000","level":"info","timestamp":"2021-06-22T18:43:24.535Z"}
{"message":"Database connected","level":"info","timestamp":"2021-06-22T18:43:26.767Z"}
{"message":"Server listing at http://localhost:7000","level":"info","timestamp":"2021-06-22T18:44:29.254Z"}
{"message":"Database connected","level":"info","timestamp":"2021-06-22T18:44:31.511Z"}
{"message":"Server listing at http://localhost:7000","level":"info","timestamp":"2021-06-22T18:45:46.943Z"}
{"message":"Database connected","level":"info","timestamp":"2021-06-22T18:45:49.189Z"}
{"message":"Server listing at http://localhost:7000","level":"info","timestamp":"2021-06-22T19:01:17.259Z"}
{"message":"Database connected","level":"info","timestamp":"2021-06-22T19:01:19.451Z"}
{"message":"Server listing at http://localhost:7000","level":"info","timestamp":"2021-06-22T19:01:53.633Z"}
{"message":"Database connected","level":"info","timestamp":"2021-06-22T19:01:55.825Z"}
{"message":"Server listing at http://localhost:7000","level":"info","timestamp":"2021-06-22T19:03:58.775Z"}
{"message":"Database connected","level":"info","timestamp":"2021-06-22T19:04:01.017Z"}
{"message":"Server listing at http://localhost:7000","level":"info","timestamp":"2021-06-22T19:06:22.089Z"}
{"message":"Database connected","level":"info","timestamp":"2021-06-22T19:06:24.278Z"}
{"message":"Server listing at http://localhost:7000","level":"info","timestamp":"2021-06-22T19:06:48.403Z"}
{"message":"Database connected","level":"info","timestamp":"2021-06-22T19:06:50.618Z"}
{"message":"Server listing at http://localhost:7000","level":"info","timestamp":"2021-06-22T19:07:40.197Z"}
{"message":"Database connected","level":"info","timestamp":"2021-06-22T19:07:42.404Z"}
{"message":"Server listing at http://localhost:7000","level":"info","timestamp":"2021-06-23T06:39:31.391Z"}
{"message":"Database connected","level":"info","timestamp":"2021-06-23T06:39:33.835Z"}
{"message":"Server listing at http://localhost:7000","level":"info","timestamp":"2021-06-23T06:41:08.567Z"}
{"message":"Database connected","level":"info","timestamp":"2021-06-23T06:41:10.881Z"}
{"message":"Server listing at http://localhost:7000","level":"info","timestamp":"2021-06-23T06:41:27.754Z"}
{"message":"Database connected","level":"info","timestamp":"2021-06-23T06:41:30.091Z"}
{"message":"Server listing at http://localhost:7000","level":"info","timestamp":"2021-06-23T06:47:09.679Z"}
{"message":"Database connected","level":"info","timestamp":"2021-06-23T06:47:12.118Z"}
{"level":"info","message":"Auth","timestamp":"2021-06-23T07:23:21.985Z"}
{"message":"eyJhbGciOiJIUzI1NiIsInR5cCI6IkpXVCJ9.eyJpZCI6IjYwZDJlMGY5MDIzMTM5MTU3MDUwZjQ1YyIsImVtYWlsIjoic3VwZXJtYW45MDQ1NUBnbWFpbC5jb20iLCJpYXQiOjE2MjQ0MzMwMDEsImV4cCI6MTYyNDQzNjAwMSwiaXNzIjoiY29vbElzc3VlciJ9.S9GgTvQRwXp4IBqvo7adrhxONF-pLlpjVTCHQPIO1O0","level":"info","timestamp":"2021-06-23T07:23:21.988Z"}
{"level":"info","message":"Auth","timestamp":"2021-06-23T07:23:52.107Z"}
{"message":"Server listing at http://localhost:7000","level":"info","timestamp":"2021-06-23T12:58:15.014Z"}
{"message":"Database connected","level":"info","timestamp":"2021-06-23T12:58:17.289Z"}
{"level":"info","message":"Auth","timestamp":"2021-06-23T12:58:34.608Z"}
{"level":"info","message":"Auth","timestamp":"2021-06-23T12:58:42.984Z"}
{"message":"eyJhbGciOiJIUzI1NiIsInR5cCI6IkpXVCJ9.eyJpZCI6IjYwZDJlMGY5MDIzMTM5MTU3MDUwZjQ1YyIsImVtYWlsIjoic3VwZXJtYW45MDQ1NUBnbWFpbC5jb20iLCJpYXQiOjE2MjQ0NTMxMjIsImV4cCI6MTYyNDQ1NjEyMiwiaXNzIjoiY29vbElzc3VlciJ9.q1gfs2L8wLBWZ_ffXm1FlflPnzkdL_deKXCqeLoRoaQ","level":"info","timestamp":"2021-06-23T12:58:42.987Z"}
{"level":"info","message":"Auth","timestamp":"2021-06-23T12:59:03.841Z"}
{"level":"info","message":"Auth","timestamp":"2021-06-23T13:00:07.882Z"}
